<?xml version="1.0" encoding="UTF-8"?>
<testng-results skipped="0" failed="0" ignored="0" total="0" passed="0">
  <reporter-output>
  </reporter-output>
  <suite name="Surefire suite" duration-ms="79150" started-at="2021-09-07T19:00:54 EDT" finished-at="2021-09-07T19:02:13 EDT">
    <groups>
    </groups>
    <test name="Surefire test" duration-ms="79150" started-at="2021-09-07T19:00:54 EDT" finished-at="2021-09-07T19:02:13 EDT">
    </test> <!-- Surefire test -->
  </suite> <!-- Surefire suite -->
</testng-results>
