<?xml version="1.0" encoding="UTF-8"?>
<testng-results skipped="0" failed="0" ignored="0" total="1" passed="1">
  <reporter-output>
  </reporter-output>
  <suite name="Suite" duration-ms="4310" started-at="2021-09-07T18:02:34 EDT" finished-at="2021-09-07T18:02:38 EDT">
    <groups>
    </groups>
    <test name="Test" duration-ms="4310" started-at="2021-09-07T18:02:34 EDT" finished-at="2021-09-07T18:02:38 EDT">
      <class name="stepDefinitions.LoginSteps">
        <test-method status="PASS" signature="setup()[pri:0, instance:stepDefinitions.LoginSteps@1d9b7cce]" name="setup" duration-ms="4235" started-at="2021-09-07T18:02:34 EDT" finished-at="2021-09-07T18:02:38 EDT">
          <reporter-output>
          </reporter-output>
        </test-method> <!-- setup -->
      </class> <!-- stepDefinitions.LoginSteps -->
    </test> <!-- Test -->
  </suite> <!-- Suite -->
</testng-results>
